<?xml version="1.0" encoding="UTF-8"?>
<!-- Generated by org.testng.reporters.JUnitXMLReporter -->
<testsuite hostname="LAPTOP-BTBHOBIS" ignored="0" name="Default test(failed)(failed)" tests="4" failures="1" timestamp="2021-12-02T22:09:58 IST" time="0.079" errors="0">
  <testcase name="TC1" time="0.016" classname="com.atipune.testngframe.basics.Disable_TCExcution_FromClassFromExcludeSuite">
    <failure type="java.lang.AssertionError" message="null">
      <![CDATA[java.lang.AssertionError: null
at com.atipune.testngframe.basics.Disable_TCExcution_FromClassFromExcludeSuite.TC1(Disable_TCExcution_FromClassFromExcludeSuite.java:13)
at java.util.ArrayList.forEach(ArrayList.java:1259)
... Removed 29 stack frames]]>
    </failure>
  </testcase> <!-- TC1 -->
  <testcase name="TC2" time="0.0" classname="com.atipune.testngframe.basics.Disable_TCExcution_FromClassFromExcludeSuite"/>
  <testcase name="TC3" time="0.016" classname="com.atipune.testngframe.basics.Disable_TCExcution_FromClassFromExcludeSuite"/>
  <testcase name="TC4" time="0.0" classname="com.atipune.testngframe.basics.Disable_TCExcution_FromClassFromExcludeSuite"/>
</testsuite> <!-- Default test(failed)(failed) -->
